Traceback (most recent call last):
  File "/usr/lib/python3.14/site-packages/jupyter_core/utils/__init__.py", line 154, in wrapped
    asyncio.get_running_loop()
    ~~~~~~~~~~~~~~~~~~~~~~~~^^
RuntimeError: no running event loop

During handling of the above exception, another exception occurred:

Traceback (most recent call last):
  File "/usr/lib/python3.14/site-packages/jupyter_cache/executors/utils.py", line 58, in single_nb_execution
    executenb(
    ~~~~~~~~~^
        nb,
        ^^^
    ...<4 lines>...
        **kwargs,
        ^^^^^^^^^
    )
    ^
  File "/usr/lib/python3.14/site-packages/nbclient/client.py", line 1319, in execute
    return NotebookClient(nb=nb, resources=resources, km=km, **kwargs).execute()
           ~~~~~~~~~~~~~~~~~~~~~~~~~~~~~~~~~~~~~~~~~~~~~~~~~~~~~~~~~~~~~~~~~~~^^
  File "/usr/lib/python3.14/site-packages/jupyter_core/utils/__init__.py", line 158, in wrapped
    return loop.run_until_complete(inner)
           ~~~~~~~~~~~~~~~~~~~~~~~^^^^^^^
  File "/usr/lib64/python3.14/asyncio/base_events.py", line 719, in run_until_complete
    return future.result()
           ~~~~~~~~~~~~~^^
  File "/usr/lib/python3.14/site-packages/nbclient/client.py", line 709, in async_execute
    await self.async_execute_cell(
        cell, index, execution_count=self.code_cells_executed + 1
    )
  File "/usr/lib/python3.14/site-packages/nbclient/client.py", line 1062, in async_execute_cell
    await self._check_raise_for_error(cell, cell_index, exec_reply)
  File "/usr/lib/python3.14/site-packages/nbclient/client.py", line 918, in _check_raise_for_error
    raise CellExecutionError.from_cell_and_msg(cell, exec_reply_content)
nbclient.exceptions.CellExecutionError: An error occurred while executing the following cell:
------------------
# Example: draw a white triangle
fake_fb.draw_filled_triangle(
    mu2d.Vector2D(50, 50),
    mu2d.Vector2D(50, 70),
    mu2d.Vector2D(70, 70),
    color=sr.WHITE,
)
fake_fb.show_framebuffer()
------------------


[0;31m---------------------------------------------------------------------------[0m
[0;31mAttributeError[0m                            Traceback (most recent call last)
Cell [0;32mIn[4], line 2[0m
[1;32m      1[0m [38;5;66;03m# Example: draw a white triangle[39;00m
[0;32m----> 2[0m [43mfake_fb[49m[38;5;241;43m.[39;49m[43mdraw_filled_triangle[49m[43m([49m
[1;32m      3[0m [43m    [49m[43mmu2d[49m[38;5;241;43m.[39;49m[43mVector2D[49m[43m([49m[38;5;241;43m50[39;49m[43m,[49m[43m [49m[38;5;241;43m50[39;49m[43m)[49m[43m,[49m
[1;32m      4[0m [43m    [49m[43mmu2d[49m[38;5;241;43m.[39;49m[43mVector2D[49m[43m([49m[38;5;241;43m50[39;49m[43m,[49m[43m [49m[38;5;241;43m70[39;49m[43m)[49m[43m,[49m
[1;32m      5[0m [43m    [49m[43mmu2d[49m[38;5;241;43m.[39;49m[43mVector2D[49m[43m([49m[38;5;241;43m70[39;49m[43m,[49m[43m [49m[38;5;241;43m70[39;49m[43m)[49m[43m,[49m
[1;32m      6[0m [43m    [49m[43mcolor[49m[38;5;241;43m=[39;49m[43msr[49m[38;5;241;43m.[39;49m[43mWHITE[49m[43m,[49m
[1;32m      7[0m [43m)[49m
[1;32m      8[0m fake_fb[38;5;241m.[39mshow_framebuffer()

File [0;32m/mvp/src/modelviewprojection/softwarerendering.py:98[0m, in [0;36mFrameBuffer.draw_filled_triangle[0;34m(self, p1, p2, p3, color)[0m
[1;32m     95[0m x3: [38;5;28mint[39m
[1;32m     96[0m y3: [38;5;28mint[39m
[0;32m---> 98[0m x1, y1 [38;5;241m=[39m [38;5;28miter[39m([38;5;28;43mself[39;49m[38;5;241;43m.[39;49m[43mscreenspace_to_framebuffer[49m[43m([49m[43mp1[49m[43m)[49m)
[1;32m     99[0m x2, y2 [38;5;241m=[39m [38;5;28miter[39m([38;5;28mself[39m[38;5;241m.[39mscreenspace_to_framebuffer(p2))
[1;32m    100[0m x3, y3 [38;5;241m=[39m [38;5;28miter[39m([38;5;28mself[39m[38;5;241m.[39mscreenspace_to_framebuffer(p3))

File [0;32m/mvp/src/modelviewprojection/softwarerendering.py:72[0m, in [0;36mFrameBuffer.screenspace_to_framebuffer[0;34m(self, v)[0m
[1;32m     67[0m [38;5;28;01mdef[39;00m[38;5;250m [39m[38;5;21mscreenspace_to_framebuffer[39m([38;5;28mself[39m, v: mu2d[38;5;241m.[39mVector2D) [38;5;241m-[39m[38;5;241m>[39m mu2d[38;5;241m.[39mVector2D:
[1;32m     68[0m [38;5;250m    [39m[38;5;124;03m"""Convert from OpenGL-style coords to framebuffer array coords."""[39;00m
[1;32m     69[0m     ss_to_fb [38;5;241m=[39m mu2d[38;5;241m.[39mcompose(
[1;32m     70[0m         [
[1;32m     71[0m             mu2d[38;5;241m.[39mtranslate(mu2d[38;5;241m.[39mVector2D([38;5;241m0[39m, [38;5;28mself[39m[38;5;241m.[39mheight [38;5;241m-[39m [38;5;241m1[39m)),
[0;32m---> 72[0m             [43mmu2d[49m[38;5;241;43m.[39;49m[43mscale[49m(m_x[38;5;241m=[39m[38;5;241m1[39m, m_y[38;5;241m=[39m[38;5;241m-[39m[38;5;241m1[39m),
[1;32m     73[0m         ]
[1;32m     74[0m     )
[1;32m     75[0m     [38;5;28;01mreturn[39;00m ss_to_fb(v)

[0;31mAttributeError[0m: module 'modelviewprojection.mathutils' has no attribute 'scale'

