Traceback (most recent call last):
  File "/usr/lib/python3.14/site-packages/jupyter_core/utils/__init__.py", line 154, in wrapped
    asyncio.get_running_loop()
    ~~~~~~~~~~~~~~~~~~~~~~~~^^
RuntimeError: no running event loop

During handling of the above exception, another exception occurred:

Traceback (most recent call last):
  File "/usr/lib/python3.14/site-packages/jupyter_cache/executors/utils.py", line 58, in single_nb_execution
    executenb(
    ~~~~~~~~~^
        nb,
        ^^^
    ...<4 lines>...
        **kwargs,
        ^^^^^^^^^
    )
    ^
  File "/usr/lib/python3.14/site-packages/nbclient/client.py", line 1319, in execute
    return NotebookClient(nb=nb, resources=resources, km=km, **kwargs).execute()
           ~~~~~~~~~~~~~~~~~~~~~~~~~~~~~~~~~~~~~~~~~~~~~~~~~~~~~~~~~~~~~~~~~~~^^
  File "/usr/lib/python3.14/site-packages/jupyter_core/utils/__init__.py", line 158, in wrapped
    return loop.run_until_complete(inner)
           ~~~~~~~~~~~~~~~~~~~~~~~^^^^^^^
  File "/usr/lib64/python3.14/asyncio/base_events.py", line 719, in run_until_complete
    return future.result()
           ~~~~~~~~~~~~~^^
  File "/usr/lib/python3.14/site-packages/nbclient/client.py", line 709, in async_execute
    await self.async_execute_cell(
        cell, index, execution_count=self.code_cells_executed + 1
    )
  File "/usr/lib/python3.14/site-packages/nbclient/client.py", line 1062, in async_execute_cell
    await self._check_raise_for_error(cell, cell_index, exec_reply)
  File "/usr/lib/python3.14/site-packages/nbclient/client.py", line 918, in _check_raise_for_error
    raise CellExecutionError.from_cell_and_msg(cell, exec_reply_content)
nbclient.exceptions.CellExecutionError: An error occurred while executing the following cell:
------------------
ndc_to_screen: mu2d.InvertibleFunction = mu2d.compose(
    [
        mu2d.translate(mu2d.Vector2D(-0.5, -0.5)),
        mu2d.scale(fake_fb.width, fake_fb.height),
        mu2d.scale(0.5, 0.5),
        mu2d.translate(mu2d.Vector2D(x=1.0, y=1.0)),
    ]
)
------------------


[0;31m---------------------------------------------------------------------------[0m
[0;31mAttributeError[0m                            Traceback (most recent call last)
Cell [0;32mIn[5], line 4[0m
[1;32m      1[0m ndc_to_screen: mu2d[38;5;241m.[39mInvertibleFunction [38;5;241m=[39m mu2d[38;5;241m.[39mcompose(
[1;32m      2[0m     [
[1;32m      3[0m         mu2d[38;5;241m.[39mtranslate(mu2d[38;5;241m.[39mVector2D([38;5;241m-[39m[38;5;241m0.5[39m, [38;5;241m-[39m[38;5;241m0.5[39m)),
[0;32m----> 4[0m         [43mmu2d[49m[38;5;241;43m.[39;49m[43mscale[49m(fake_fb[38;5;241m.[39mwidth, fake_fb[38;5;241m.[39mheight),
[1;32m      5[0m         mu2d[38;5;241m.[39mscale([38;5;241m0.5[39m, [38;5;241m0.5[39m),
[1;32m      6[0m         mu2d[38;5;241m.[39mtranslate(mu2d[38;5;241m.[39mVector2D(x[38;5;241m=[39m[38;5;241m1.0[39m, y[38;5;241m=[39m[38;5;241m1.0[39m)),
[1;32m      7[0m     ]
[1;32m      8[0m )

[0;31mAttributeError[0m: module 'modelviewprojection.mathutils' has no attribute 'scale'

